<?xml version="1.0" encoding="UTF-8"?>
<!-- Generated by org.testng.reporters.JUnitReportReporter -->
<testsuite skipped="0" hostname="DL-TAG890" name="class_01_execution.Lec_01_M01_Execuation" tests="1" failures="0" timestamp="2020-02-01T12:32:08 EST" time="0.006" errors="0">
  <testcase name="test2" time="0.006" classname="class_01_execution.Lec_01_M01_Execuation"/>
</testsuite> <!-- class_01_execution.Lec_01_M01_Execuation -->
